<?xml version="1.0" encoding="UTF-8"?>
<!-- Generated by org.testng.reporters.JUnitReportReporter -->
<testsuite hostname="BASHAR-98" failures="0" tests="4" name="tenthproj" time="19.054" errors="0" timestamp="2024-10-23T18:51:42 EET" skipped="2">
  <testcase classname="tenthproj" name="Login" time="1.019"/>
  <system-out/>
  <testcase classname="tenthproj" name="AddItemToTheCart" time="18.035"/>
  <system-out/>
  <testcase classname="tenthproj" name="signUp">
    <skipped/>
  </testcase> <!-- signUp -->
  <system-out/>
  <testcase classname="tenthproj" name="logout">
    <skipped/>
  </testcase> <!-- logout -->
  <system-out/>
</testsuite> <!-- tenthproj -->
